Command line:
   transmissor_isim_beh.exe
     -simmode  gui
     -simrunnum  0
     -socket  59262

Tue May  6 21:45:31 2025


 Elaboration Time: 0.22 sec

 Current Memory Usage: 221.774 Meg

 Total Signals          : 11
 Total Nets             : 25
 Total Signal Drivers   : 7
 Total Blocks           : 2
 Total Primitive Blocks : 2
 Total Processes        : 4
 Total Traceable Variables  : 8
 Total Scalar Nets and Variables : 385
Total Line Count : 24

 Total Simulation Time: 0.23 sec

 Current Memory Usage: 299.373 Meg

Tue May  6 21:46:32 2025

