Command line:
   prim_proc_TB_isim_beh.exe
     -simmode  gui
     -simrunnum  0
     -socket  59134

Sat May  3 16:52:20 2025


 Elaboration Time: 0.14 sec

 Current Memory Usage: 221.774 Meg

 Total Signals          : 14
 Total Nets             : 8
 Total Signal Drivers   : 7
 Total Blocks           : 3
 Total Primitive Blocks : 2
 Total Processes        : 3
 Total Traceable Variables  : 8
 Total Scalar Nets and Variables : 368
Total Line Count : 58
Total Line Count : 58

 Total Simulation Time: 0.16 sec

 Current Memory Usage: 299.373 Meg

Sat May  3 17:01:37 2025

