Release 14.7 - xst P.20131013 (lin64)
Copyright (c) 1995-2013 Xilinx, Inc.  All rights reserved.
--> 
Parameter TMPDIR set to xst/projnav.tmp


Total REAL time to Xst completion: 1.00 secs
Total CPU time to Xst completion: 0.01 secs
 
--> 
Parameter xsthdpdir set to xst


Total REAL time to Xst completion: 1.00 secs
Total CPU time to Xst completion: 0.01 secs
 
--> 
Reading design: cron_dec.prj

TABLE OF CONTENTS
  1) Synthesis Options Summary
  2) HDL Compilation
  3) Design Hierarchy Analysis
  4) HDL Analysis
  5) HDL Synthesis
     5.1) HDL Synthesis Report
  6) Advanced HDL Synthesis
     6.1) Advanced HDL Synthesis Report
  7) Low Level Synthesis
  8) Partition Report
  9) Final Report
	9.1) Device utilization summary
	9.2) Partition Resource Summary
	9.3) TIMING REPORT


=========================================================================
*                      Synthesis Options Summary                        *
=========================================================================
---- Source Parameters
Input File Name                    : "cron_dec.prj"
Input Format                       : mixed
Ignore Synthesis Constraint File   : NO

---- Target Parameters
Output File Name                   : "cron_dec"
Output Format                      : NGC
Target Device                      : xc3s1200e-4-fg320

---- Source Options
Top Module Name                    : cron_dec
Automatic FSM Extraction           : YES
FSM Encoding Algorithm             : Auto
Safe Implementation                : No
FSM Style                          : LUT
RAM Extraction                     : Yes
RAM Style                          : Auto
ROM Extraction                     : Yes
Mux Style                          : Auto
Decoder Extraction                 : YES
Priority Encoder Extraction        : Yes
Shift Register Extraction          : YES
Logical Shifter Extraction         : YES
XOR Collapsing                     : YES
ROM Style                          : Auto
Mux Extraction                     : Yes
Resource Sharing                   : YES
Asynchronous To Synchronous        : NO
Multiplier Style                   : Auto
Automatic Register Balancing       : No

---- Target Options
Add IO Buffers                     : YES
Global Maximum Fanout              : 100000
Add Generic Clock Buffer(BUFG)     : 24
Register Duplication               : YES
Slice Packing                      : YES
Optimize Instantiated Primitives   : NO
Use Clock Enable                   : Yes
Use Synchronous Set                : Yes
Use Synchronous Reset              : Yes
Pack IO Registers into IOBs        : Auto
Equivalent register Removal        : YES

---- General Options
Optimization Goal                  : Speed
Optimization Effort                : 1
Keep Hierarchy                     : No
Netlist Hierarchy                  : As_Optimized
RTL Output                         : Yes
Global Optimization                : AllClockNets
Read Cores                         : YES
Write Timing Constraints           : NO
Cross Clock Analysis               : NO
Hierarchy Separator                : /
Bus Delimiter                      : <>
Case Specifier                     : Maintain
Slice Utilization Ratio            : 100
BRAM Utilization Ratio             : 100
Verilog 2001                       : YES
Auto BRAM Packing                  : NO
Slice Utilization Ratio Delta      : 5

=========================================================================


=========================================================================
*                          HDL Compilation                              *
=========================================================================
WARNING:HDLParsers:3607 - Unit work/cron_dec is now defined in a different file.  It was defined in "/home/ise/e.g.ise_projs/cron_dec2/cron_dec_2/cron_dec.vhd", and is now defined in "/home/ise/ise_projs/cron_dec_2/cron_dec.vhd".
WARNING:HDLParsers:3607 - Unit work/cron_dec/cron_dec is now defined in a different file.  It was defined in "/home/ise/e.g.ise_projs/cron_dec2/cron_dec_2/cron_dec.vhd", and is now defined in "/home/ise/ise_projs/cron_dec_2/cron_dec.vhd".
WARNING:HDLParsers:3607 - Unit work/dspl_drv is now defined in a different file.  It was defined in "/home/ise/e.g.ise_projs/cron_dec2/cron_dec_2/dspl_drv.vhd", and is now defined in "/home/ise/ise_projs/cron_dec_2/dspl_drv.vhd".
WARNING:HDLParsers:3607 - Unit work/dspl_drv/dspl_drv is now defined in a different file.  It was defined in "/home/ise/e.g.ise_projs/cron_dec2/cron_dec_2/dspl_drv.vhd", and is now defined in "/home/ise/ise_projs/cron_dec_2/dspl_drv.vhd".
Compiling vhdl file "/home/ise/ise_projs/cron_dec_2/dspl_drv.vhd" in Library work.
Architecture dspl_drv of Entity dspl_drv is up to date.
Compiling vhdl file "/home/ise/ise_projs/cron_dec_2/cron_dec.vhd" in Library work.
Entity <cron_dec> compiled.
Entity <cron_dec> (Architecture <cron_dec>) compiled.

=========================================================================
*                     Design Hierarchy Analysis                         *
=========================================================================
Analyzing hierarchy for entity <cron_dec> in library <work> (architecture <cron_dec>) with generics.
	CLOCK_FREQ = 25000000

Analyzing hierarchy for entity <dspl_drv> in library <work> (architecture <dspl_drv>).


=========================================================================
*                            HDL Analysis                               *
=========================================================================
Analyzing generic Entity <cron_dec> in library <work> (Architecture <cron_dec>).
	CLOCK_FREQ = 25000000
Entity <cron_dec> analyzed. Unit <cron_dec> generated.

Analyzing Entity <dspl_drv> in library <work> (Architecture <dspl_drv>).
Entity <dspl_drv> analyzed. Unit <dspl_drv> generated.


=========================================================================
*                           HDL Synthesis                               *
=========================================================================

Performing bidirectional port resolution...

Synthesizing Unit <dspl_drv>.
    Related source file is "/home/ise/ise_projs/cron_dec_2/dspl_drv.vhd".
    Found 16x7-bit ROM for signal <selected_dig_4_1$rom0000>.
    Found 4-bit register for signal <an>.
    Found 4-bit 4-to-1 multiplexer for signal <an$mux0003>.
    Found 1-bit register for signal <ck_1KHz>.
    Found 15-bit adder for signal <ck_1KHz$addsub0000> created at line 75.
    Found 15-bit up counter for signal <count_25K>.
    Found 2-bit register for signal <dig_selection>.
    Found 5-bit register for signal <selected_dig>.
    Found 5-bit 4-to-1 multiplexer for signal <selected_dig$mux0003>.
    Summary:
	inferred   1 ROM(s).
	inferred   1 Counter(s).
	inferred  12 D-type flip-flop(s).
	inferred   1 Adder/Subtractor(s).
	inferred   9 Multiplexer(s).
Unit <dspl_drv> synthesized.


Synthesizing Unit <cron_dec>.
    Related source file is "/home/ise/ise_projs/cron_dec_2/cron_dec.vhd".
    Found 100x8-bit ROM for signal <Minutos_BCD$rom0000> created at line 160.
    Found finite state machine <FSM_0> for signal <EA>.
    -----------------------------------------------------------------------
    | States             | 3                                              |
    | Transitions        | 7                                              |
    | Inputs             | 4                                              |
    | Outputs            | 3                                              |
    | Clock              | clk_1s                    (rising_edge)        |
    | Reset              | reset                     (positive)           |
    | Reset type         | asynchronous                                   |
    | Reset State        | idl                                            |
    | Power Up State     | idl                                            |
    | Encoding           | automatic                                      |
    | Implementation     | LUT                                            |
    -----------------------------------------------------------------------
    Found 60x8-bit ROM for signal <Segundos_BCD>.
    Found 1-bit register for signal <clk_1s>.
    Found 25-bit up counter for signal <count_clk>.
    Found 7-bit register for signal <min_int>.
    Found 7-bit subtractor for signal <min_int$addsub0000> created at line 152.
    Found 7-bit comparator greater for signal <min_int$cmp_gt0000> created at line 150.
    Found 6-bit register for signal <seg_int>.
    Found 6-bit subtractor for signal <seg_int$addsub0000> created at line 132.
    Found 6-bit comparator greater for signal <seg_int$cmp_gt0000> created at line 131.
    Summary:
	inferred   1 Finite State Machine(s).
	inferred   2 ROM(s).
	inferred   1 Counter(s).
	inferred  14 D-type flip-flop(s).
	inferred   2 Adder/Subtractor(s).
	inferred   2 Comparator(s).
Unit <cron_dec> synthesized.


=========================================================================
HDL Synthesis Report

Macro Statistics
# ROMs                                                 : 3
 100x8-bit ROM                                         : 1
 16x7-bit ROM                                          : 1
 60x8-bit ROM                                          : 1
# Adders/Subtractors                                   : 3
 15-bit adder                                          : 1
 6-bit subtractor                                      : 1
 7-bit subtractor                                      : 1
# Counters                                             : 2
 15-bit up counter                                     : 1
 25-bit up counter                                     : 1
# Registers                                            : 7
 1-bit register                                        : 2
 2-bit register                                        : 1
 4-bit register                                        : 1
 5-bit register                                        : 1
 6-bit register                                        : 1
 7-bit register                                        : 1
# Comparators                                          : 2
 6-bit comparator greater                              : 1
 7-bit comparator greater                              : 1
# Multiplexers                                         : 2
 4-bit 4-to-1 multiplexer                              : 1
 5-bit 4-to-1 multiplexer                              : 1

=========================================================================

=========================================================================
*                       Advanced HDL Synthesis                          *
=========================================================================

Analyzing FSM <FSM_0> for best encoding.
Optimizing FSM <EA/FSM> on signal <EA[1:2]> with user encoding.
-------------------
 State | Encoding
-------------------
 idl   | 00
 load  | 01
 count | 10
-------------------

Synthesizing (advanced) Unit <dspl_drv>.
INFO:Xst:3034 - In order to maximize performance and save block RAM resources, the small ROM <Mrom_selected_dig_4_1_rom0000> will be implemented on LUT. If you want to force its implementation on block, use option/constraint rom_style.
Unit <dspl_drv> synthesized (advanced).

=========================================================================
Advanced HDL Synthesis Report

Macro Statistics
# FSMs                                                 : 1
# ROMs                                                 : 3
 100x8-bit ROM                                         : 1
 16x7-bit ROM                                          : 1
 60x8-bit ROM                                          : 1
# Adders/Subtractors                                   : 3
 15-bit adder                                          : 1
 6-bit subtractor                                      : 1
 7-bit subtractor                                      : 1
# Counters                                             : 2
 15-bit up counter                                     : 1
 25-bit up counter                                     : 1
# Registers                                            : 26
 Flip-Flops                                            : 26
# Comparators                                          : 2
 6-bit comparator greater                              : 1
 7-bit comparator greater                              : 1
# Multiplexers                                         : 2
 4-bit 4-to-1 multiplexer                              : 1
 5-bit 4-to-1 multiplexer                              : 1

=========================================================================

=========================================================================
*                         Low Level Synthesis                           *
=========================================================================
WARNING:Xst:1710 - FF/Latch <selected_dig_0> (without init value) has a constant value of 1 in block <dspl_drv>. This FF/Latch will be trimmed during the optimization process.

Optimizing unit <cron_dec> ...

Optimizing unit <dspl_drv> ...

Mapping all equations...
Building and optimizing final netlist ...
Found area constraint ratio of 100 (+ 5) on block cron_dec, actual ratio is 1.
FlipFlop min_int_1 has been replicated 1 time(s)
FlipFlop min_int_2 has been replicated 1 time(s)
FlipFlop min_int_4 has been replicated 1 time(s)

Final Macro Processing ...

=========================================================================
Final Register Report

Macro Statistics
# Registers                                            : 70
 Flip-Flops                                            : 70

=========================================================================

=========================================================================
*                           Partition Report                            *
=========================================================================

Partition Implementation Status
-------------------------------

  No Partitions were found in this design.

-------------------------------

=========================================================================
*                            Final Report                               *
=========================================================================
Final Results
RTL Top Level Output File Name     : cron_dec.ngr
Top Level Output File Name         : cron_dec
Output Format                      : NGC
Optimization Goal                  : Speed
Keep Hierarchy                     : No

Design Statistics
# IOs                              : 23

Cell Usage :
# BELS                             : 368
#      GND                         : 1
#      INV                         : 7
#      LUT1                        : 53
#      LUT2                        : 36
#      LUT2_L                      : 4
#      LUT3                        : 18
#      LUT3_D                      : 2
#      LUT3_L                      : 4
#      LUT4                        : 93
#      LUT4_D                      : 2
#      LUT4_L                      : 5
#      MUXCY                       : 59
#      MUXF5                       : 24
#      MUXF6                       : 4
#      VCC                         : 1
#      XORCY                       : 55
# FlipFlops/Latches                : 70
#      FDC                         : 60
#      FDCE                        : 2
#      FDE                         : 4
#      FDP                         : 4
# Clock Buffers                    : 1
#      BUFGP                       : 1
# IO Buffers                       : 22
#      IBUF                        : 10
#      OBUF                        : 12
=========================================================================

Device utilization summary:
---------------------------

Selected Device : 3s1200efg320-4 

 Number of Slices:                      119  out of   8672     1%  
 Number of Slice Flip Flops:             70  out of  17344     0%  
 Number of 4 input LUTs:                224  out of  17344     1%  
 Number of IOs:                          23
 Number of bonded IOBs:                  23  out of    250     9%  
 Number of GCLKs:                         1  out of     24     4%  

---------------------------
Partition Resource Summary:
---------------------------

  No Partitions were found in this design.

---------------------------


=========================================================================
TIMING REPORT

NOTE: THESE TIMING NUMBERS ARE ONLY A SYNTHESIS ESTIMATE.
      FOR ACCURATE TIMING INFORMATION PLEASE REFER TO THE TRACE REPORT
      GENERATED AFTER PLACE-and-ROUTE.

Clock Information:
------------------
-----------------------------------+------------------------------------+-------+
Clock Signal                       | Clock buffer(FF name)              | Load  |
-----------------------------------+------------------------------------+-------+
clock                              | BUFGP                              | 42    |
clk_1s                             | NONE(seg_int_0)                    | 18    |
display_driver/ck_1KHz             | NONE(display_driver/selected_dig_4)| 10    |
-----------------------------------+------------------------------------+-------+
INFO:Xst:2169 - HDL ADVISOR - Some clock signals were not automatically buffered by XST with BUFG/BUFR resources. Please use the buffer_type constraint in order to insert these buffers to the clock signals to help prevent skew problems.

Asynchronous Control Signals Information:
----------------------------------------
-----------------------------------+------------------------+-------+
Control Signal                     | Buffer(FF name)        | Load  |
-----------------------------------+------------------------+-------+
reset                              | IBUF                   | 66    |
-----------------------------------+------------------------+-------+

Timing Summary:
---------------
Speed Grade: -4

   Minimum period: 8.009ns (Maximum Frequency: 124.860MHz)
   Minimum input arrival time before clock: 5.373ns
   Maximum output required time after clock: 5.870ns
   Maximum combinational path delay: No path found

Timing Detail:
--------------
All values displayed in nanoseconds (ns)

=========================================================================
Timing constraint: Default period analysis for Clock 'clock'
  Clock period: 8.009ns (frequency: 124.860MHz)
  Total number of paths / destination ports: 3017 / 44
-------------------------------------------------------------------------
Delay:               8.009ns (Levels of Logic = 6)
  Source:            display_driver/count_25K_1 (FF)
  Destination:       display_driver/ck_1KHz (FF)
  Source Clock:      clock rising
  Destination Clock: clock rising

  Data Path: display_driver/count_25K_1 to display_driver/ck_1KHz
                                Gate     Net
    Cell:in->out      fanout   Delay   Delay  Logical Name (Net Name)
    ----------------------------------------  ------------
     FDC:C->Q              2   0.591   0.622  display_driver/count_25K_1 (display_driver/count_25K_1)
     LUT1:I0->O            1   0.704   0.000  display_driver/Madd_ck_1KHz_addsub0000_cy<1>_rt (display_driver/Madd_ck_1KHz_addsub0000_cy<1>_rt)
     MUXCY:S->O            1   0.464   0.000  display_driver/Madd_ck_1KHz_addsub0000_cy<1> (display_driver/Madd_ck_1KHz_addsub0000_cy<1>)
     XORCY:CI->O           1   0.804   0.595  display_driver/Madd_ck_1KHz_addsub0000_xor<2> (display_driver/ck_1KHz_addsub0000<2>)
     LUT2_L:I0->LO         1   0.704   0.104  display_driver/ck_1KHz_cmp_eq000028 (display_driver/ck_1KHz_cmp_eq000028)
     LUT4:I3->O           16   0.704   1.038  display_driver/ck_1KHz_cmp_eq000042 (display_driver/ck_1KHz_cmp_eq000042)
     LUT4:I3->O            1   0.704   0.420  display_driver/ck_1KHz_cmp_eq000060 (display_driver/ck_1KHz_cmp_eq0000)
     FDCE:CE                   0.555          display_driver/ck_1KHz
    ----------------------------------------
    Total                      8.009ns (5.230ns logic, 2.779ns route)
                                       (65.3% logic, 34.7% route)

=========================================================================
Timing constraint: Default period analysis for Clock 'clk_1s'
  Clock period: 7.718ns (frequency: 129.569MHz)
  Total number of paths / destination ports: 464 / 18
-------------------------------------------------------------------------
Delay:               7.718ns (Levels of Logic = 5)
  Source:            min_int_3 (FF)
  Destination:       min_int_3 (FF)
  Source Clock:      clk_1s rising
  Destination Clock: clk_1s rising

  Data Path: min_int_3 to min_int_3
                                Gate     Net
    Cell:in->out      fanout   Delay   Delay  Logical Name (Net Name)
    ----------------------------------------  ------------
     FDC:C->Q             31   0.591   1.266  min_int_3 (min_int_3)
     LUT4:I3->O            2   0.704   0.482  min_int_cmp_gt00001_SW0 (N35)
     LUT3_L:I2->LO         1   0.704   0.104  seg_int_mux0002<0>2_SW1 (N127)
     LUT4:I3->O           12   0.704   0.965  seg_int_mux0002<0>2 (min_int_and0000)
     LUT4:I3->O            2   0.704   0.482  min_int_mux0000<3>11 (N8)
     LUT4:I2->O            1   0.704   0.000  min_int_mux0000<3> (min_int_mux0000<3>)
     FDC:D                     0.308          min_int_3
    ----------------------------------------
    Total                      7.718ns (4.419ns logic, 3.299ns route)
                                       (57.3% logic, 42.7% route)

=========================================================================
Timing constraint: Default period analysis for Clock 'display_driver/ck_1KHz'
  Clock period: 3.082ns (frequency: 324.465MHz)
  Total number of paths / destination ports: 22 / 10
-------------------------------------------------------------------------
Delay:               3.082ns (Levels of Logic = 2)
  Source:            display_driver/dig_selection_0 (FF)
  Destination:       display_driver/selected_dig_4 (FF)
  Source Clock:      display_driver/ck_1KHz rising
  Destination Clock: display_driver/ck_1KHz rising

  Data Path: display_driver/dig_selection_0 to display_driver/selected_dig_4
                                Gate     Net
    Cell:in->out      fanout   Delay   Delay  Logical Name (Net Name)
    ----------------------------------------  ------------
     FDC:C->Q             13   0.591   1.158  display_driver/dig_selection_0 (display_driver/dig_selection_0)
     LUT3:I0->O            1   0.704   0.000  display_driver/Mmux_selected_dig_mux0003_4 (display_driver/Mmux_selected_dig_mux0003_4)
     MUXF5:I0->O           1   0.321   0.000  display_driver/Mmux_selected_dig_mux0003_2_f5 (display_driver/selected_dig_mux0003<1>)
     FDE:D                     0.308          display_driver/selected_dig_1
    ----------------------------------------
    Total                      3.082ns (1.924ns logic, 1.158ns route)
                                       (62.4% logic, 37.6% route)

=========================================================================
Timing constraint: Default OFFSET IN BEFORE for Clock 'clk_1s'
  Total number of paths / destination ports: 16 / 12
-------------------------------------------------------------------------
Offset:              5.373ns (Levels of Logic = 5)
  Source:            chaves<3> (PAD)
  Destination:       min_int_3 (FF)
  Destination Clock: clk_1s rising

  Data Path: chaves<3> to min_int_3
                                Gate     Net
    Cell:in->out      fanout   Delay   Delay  Logical Name (Net Name)
    ----------------------------------------  ------------
     IBUF:I->O             3   1.218   0.535  chaves_3_IBUF (chaves_3_IBUF)
     LUT4:I3->O            1   0.704   0.000  min_int_mux0000<0>2_SW5_G (N122)
     MUXF5:I1->O           1   0.321   0.455  min_int_mux0000<0>2_SW5 (N117)
     LUT4:I2->O            1   0.704   0.424  min_int_mux0000<3>_SW1 (N31)
     LUT4:I3->O            1   0.704   0.000  min_int_mux0000<3> (min_int_mux0000<3>)
     FDC:D                     0.308          min_int_3
    ----------------------------------------
    Total                      5.373ns (3.959ns logic, 1.414ns route)
                                       (73.7% logic, 26.3% route)

=========================================================================
Timing constraint: Default OFFSET IN BEFORE for Clock 'display_driver/ck_1KHz'
  Total number of paths / destination ports: 4 / 4
-------------------------------------------------------------------------
Offset:              4.337ns (Levels of Logic = 2)
  Source:            reset (PAD)
  Destination:       display_driver/selected_dig_4 (FF)
  Destination Clock: display_driver/ck_1KHz rising

  Data Path: reset to display_driver/selected_dig_4
                                Gate     Net
    Cell:in->out      fanout   Delay   Delay  Logical Name (Net Name)
    ----------------------------------------  ------------
     IBUF:I->O            67   1.218   1.273  reset_IBUF (reset_IBUF)
     INV:I->O              4   0.704   0.587  display_driver/reset_inv1_INV_0 (display_driver/reset_inv)
     FDE:CE                    0.555          display_driver/selected_dig_1
    ----------------------------------------
    Total                      4.337ns (2.477ns logic, 1.860ns route)
                                       (57.1% logic, 42.9% route)

=========================================================================
Timing constraint: Default OFFSET OUT AFTER for Clock 'display_driver/ck_1KHz'
  Total number of paths / destination ports: 32 / 11
-------------------------------------------------------------------------
Offset:              5.870ns (Levels of Logic = 2)
  Source:            display_driver/selected_dig_2 (FF)
  Destination:       dec_ddp<7> (PAD)
  Source Clock:      display_driver/ck_1KHz rising

  Data Path: display_driver/selected_dig_2 to dec_ddp<7>
                                Gate     Net
    Cell:in->out      fanout   Delay   Delay  Logical Name (Net Name)
    ----------------------------------------  ------------
     FDE:C->Q              7   0.591   0.883  display_driver/selected_dig_2 (display_driver/selected_dig_2)
     LUT4:I0->O            1   0.704   0.420  display_driver/Mrom_selected_dig_4_1_rom000021 (dec_ddp_5_OBUF)
     OBUF:I->O                 3.272          dec_ddp_5_OBUF (dec_ddp<5>)
    ----------------------------------------
    Total                      5.870ns (4.567ns logic, 1.303ns route)
                                       (77.8% logic, 22.2% route)

=========================================================================


Total REAL time to Xst completion: 6.00 secs
Total CPU time to Xst completion: 1.01 secs
 
--> 


Total memory usage is 613488 kilobytes

Number of errors   :    0 (   0 filtered)
Number of warnings :    5 (   0 filtered)
Number of infos    :    2 (   0 filtered)

