Running: /opt/Xilinx/14.7/ISE_DS/ISE/bin/lin64/unwrapped/fuse -intstyle ise -incremental -o /home/ise/ise_projs/ProjetoAtualiado/tb_cron_basq_PI_isim_beh.exe -prj /home/ise/ise_projs/ProjetoAtualiado/tb_cron_basq_PI_beh.prj work.tb_cron_basq_PI 
ISim P.20131013 (signature 0xfbc00daa)
Number of CPUs detected in this system: 1
Turning on mult-threading, number of parallel sub-compilation jobs: 0 
Determining compilation order of HDL files
Parsing VHDL file "/home/ise/ise_projs/ProjetoAtualiado/display_driver.vhd" into library work
Parsing VHDL file "/home/ise/ise_projs/ProjetoAtualiado/cron_debounce.vhd" into library work
Parsing VHDL file "/home/ise/ise_projs/ProjetoAtualiado/cron_basq_PI.vhd" into library work
Parsing VHDL file "/home/ise/ise_projs/ProjetoAtualiado/TB_cron_basq_PI.vhd" into library work
Starting static elaboration
Completed static elaboration
Fuse Memory Usage: 98460 KB
Fuse CPU Usage: 1160 ms
Compiling package standard
Compiling package std_logic_1164
Compiling package numeric_std
Compiling package std_logic_arith
Compiling package std_logic_unsigned
Compiling architecture debounce of entity debounce [\debounce(4000000)\]
Compiling architecture dspl_drv of entity dspl_drv [dspl_drv_default]
Compiling architecture behavioral of entity cron_basq_PI [\cron_basq_PI(10)\]
Compiling architecture behavior of entity tb_cron_basq_pi
Time Resolution for simulation is 1ps.
Compiled 12 VHDL Units
Built simulation executable /home/ise/ise_projs/ProjetoAtualiado/tb_cron_basq_PI_isim_beh.exe
Fuse Memory Usage: 117464 KB
Fuse CPU Usage: 1480 ms
GCC CPU Usage: 720 ms
