Running: /opt/Xilinx/14.7/ISE_DS/ISE/bin/lin64/unwrapped/fuse -intstyle ise -incremental -o /home/ise/ise_projs/Trabalho_1/proj_transmissor/transmissor_tb_isim_beh.exe -prj /home/ise/ise_projs/Trabalho_1/proj_transmissor/transmissor_tb_beh.prj work.transmissor_tb 
ISim P.20131013 (signature 0xfbc00daa)
Number of CPUs detected in this system: 1
Turning on mult-threading, number of parallel sub-compilation jobs: 0 
Determining compilation order of HDL files
Parsing VHDL file "/home/ise/ise_projs/Trabalho_1/proj_transmissor/transmissor.vhd" into library work
Parsing VHDL file "/home/ise/ise_projs/Trabalho_1/proj_transmissor/transmissor_tb.vhd" into library work
Starting static elaboration
Completed static elaboration
Fuse Memory Usage: 95304 KB
Fuse CPU Usage: 1160 ms
Compiling package standard
Compiling package std_logic_1164
Compiling architecture behavioral of entity transmissor [transmissor_default]
Compiling architecture transmissor_tb of entity transmissor_tb
Time Resolution for simulation is 1ps.
Compiled 5 VHDL Units
Built simulation executable /home/ise/ise_projs/Trabalho_1/proj_transmissor/transmissor_tb_isim_beh.exe
Fuse Memory Usage: 103964 KB
Fuse CPU Usage: 1260 ms
GCC CPU Usage: 340 ms
