Command line:
   prim_proc_isim_beh.exe
     -simmode  gui
     -simrunnum  0
     -socket  57761

Tue Apr 29 22:47:50 2025


 Elaboration Time: 0.06 sec

 Current Memory Usage: 221.77 Meg

 Total Signals          : 7
 Total Nets             : 8
 Total Signal Drivers   : 2
 Total Blocks           : 2
 Total Primitive Blocks : 2
 Total Processes        : 2
 Total Traceable Variables  : 8
 Total Scalar Nets and Variables : 368
Total Line Count : 12

 Total Simulation Time: 0.07 sec

 Current Memory Usage: 299.368 Meg

Tue Apr 29 22:47:57 2025

