Running: /opt/Xilinx/14.7/ISE_DS/ISE/bin/lin64/unwrapped/fuse -intstyle ise -incremental -o /home/ise/ise_projs/trabalho_4/t4_p3/p3ComPeriferico2/conts_tb_isim_beh.exe -prj /home/ise/ise_projs/trabalho_4/t4_p3/p3ComPeriferico2/conts_tb_beh.prj work.conts_tb 
ISim P.20131013 (signature 0xfbc00daa)
Number of CPUs detected in this system: 1
Turning on mult-threading, number of parallel sub-compilation jobs: 0 
Determining compilation order of HDL files
Parsing VHDL file "/home/ise/ise_projs/trabalho_4/t4_p3/p3ComPeriferico2/../../../Distribution_V3.3/3_MIPS_S_Prt/VHDL/mult_div.vhd" into library work
Parsing VHDL file "/home/ise/ise_projs/trabalho_4/t4_p3/p3ComPeriferico2/../../t4_p2/memoryCurto/memory.vhd" into library work
Parsing VHDL file "/home/ise/ise_projs/trabalho_4/t4_p3/p3ComPeriferico2/../../../Distribution_V3.3/3_MIPS_S_Prt/VHDL/MIPS_S_Prt.vhd" into library work
Parsing VHDL file "/home/ise/ise_projs/trabalho_4/t4_p3/p3ComPeriferico2/../periferico/periferico.vhd" into library work
Parsing VHDL file "/home/ise/ise_projs/trabalho_4/t4_p3/p3ComPeriferico2/../../../trabalho_3/cron_basq/display_driver.vhd" into library work
Parsing VHDL file "/home/ise/ise_projs/trabalho_4/t4_p3/p3ComPeriferico2/../../../Distribution_V3.3/3_MIPS_S_Prt/VHDL/MIPS_S_withBRAMS.vhd" into library work
Parsing VHDL file "/home/ise/ise_projs/trabalho_4/t4_p3/p3ComPeriferico2/top_conts.vhd" into library work
Parsing VHDL file "/home/ise/ise_projs/trabalho_4/t4_p3/p3ComPeriferico2/../../../Distribution_V3.3/3_MIPS_S_Prt/VHDL/MIPS_S_com_perif_tb.vhd" into library work
Starting static elaboration
Completed static elaboration
Fuse Memory Usage: 146548 KB
Fuse CPU Usage: 2030 ms
Compiling package standard
Compiling package std_logic_1164
Compiling package std_logic_arith
Compiling package std_logic_unsigned
Compiling package p_mips_s
Compiling package numeric_std
Compiling package vcomponents
Compiling package textio
Compiling package vital_timing
Compiling package vital_primitives
Compiling package vpkg
Compiling architecture ramb16_s36_v of entity RAMB16_S36 [\RAMB16_S36("0000000000000000000...]
Compiling architecture program_memory of entity program_memory [program_memory_default]
Compiling package std_logic_signed
Compiling architecture reg32bits of entity reg32bits [\reg32bits(('0','0','0','0','0',...]
Compiling architecture reg32bits of entity reg32bits [reg32bits_default]
Compiling architecture control_unit of entity control_unit [control_unit_default]
Compiling architecture reg32bits of entity reg32bits [\reg32bits(('0','0','0','1','0',...]
Compiling architecture reg_bank of entity reg_bank [reg_bank_default]
Compiling architecture alu of entity alu [alu_default]
Compiling architecture divider of entity divider [divider_default]
Compiling architecture multiplier of entity multiplier [multiplier_default]
Compiling architecture datapath of entity datapath [datapath_default]
Compiling architecture mips_s of entity MIPS_S [mips_s_default]
Compiling architecture ramb16_s9_v of entity RAMB16_S9 [\RAMB16_S9("000000000000","00000...]
Compiling architecture ramb16_s9_v of entity RAMB16_S9 [\RAMB16_S9("000000000000","00000...]
Compiling architecture ramb16_s9_v of entity RAMB16_S9 [\RAMB16_S9("000000000000","00000...]
Compiling architecture ramb16_s9_v of entity RAMB16_S9 [\RAMB16_S9("000000000000","00000...]
Compiling architecture data_memory of entity data_memory [data_memory_default]
Compiling architecture mips_s_withbrams of entity MIPS_S_withBRAMs [mips_s_withbrams_default]
Compiling architecture behavioral of entity periferico [periferico_default]
Compiling architecture dspl_drv of entity dspl_drv [dspl_drv_default]
Compiling architecture behavioral of entity top_conts [top_conts_default]
Compiling architecture conts_tb of entity conts_tb
Time Resolution for simulation is 1ps.
Compiled 55 VHDL Units
Built simulation executable /home/ise/ise_projs/trabalho_4/t4_p3/p3ComPeriferico2/conts_tb_isim_beh.exe
Fuse Memory Usage: 184088 KB
Fuse CPU Usage: 3180 ms
GCC CPU Usage: 2830 ms
