Running: /opt/Xilinx/14.7/ISE_DS/ISE/bin/lin64/unwrapped/fuse -intstyle ise -incremental -o /home/ise/ise_projs/t1_Proj1/prim_proc_TB_isim_beh.exe -prj /home/ise/ise_projs/t1_Proj1/prim_proc_TB_beh.prj work.prim_proc_TB 
ISim P.20131013 (signature 0xfbc00daa)
Number of CPUs detected in this system: 1
Turning on mult-threading, number of parallel sub-compilation jobs: 0 
Determining compilation order of HDL files
Parsing VHDL file "/home/ise/ise_projs/t1_Proj1/t1_proj1.vhd" into library work
Parsing VHDL file "/home/ise/ise_projs/t1_Proj1/prim_proc_TB.vhd" into library work
Starting static elaboration
Completed static elaboration
Fuse Memory Usage: 95300 KB
Fuse CPU Usage: 1050 ms
Compiling package standard
Compiling package std_logic_1164
Compiling architecture behavioral of entity prim_proc [prim_proc_default]
Compiling architecture behavior of entity prim_proc_tb
Time Resolution for simulation is 1ps.
Compiled 5 VHDL Units
Built simulation executable /home/ise/ise_projs/t1_Proj1/prim_proc_TB_isim_beh.exe
Fuse Memory Usage: 103956 KB
Fuse CPU Usage: 1150 ms
GCC CPU Usage: 340 ms
